Determining if the pthread_create exist failed with the following output:
Change Dir: /home/arms/Downloads/HybridAerialVehicle/build/CMakeFiles/CMakeTmp

Run Build Command:/usr/bin/make "cmTryCompileExec852835661/fast"
/usr/bin/make -f CMakeFiles/cmTryCompileExec852835661.dir/build.make CMakeFiles/cmTryCompileExec852835661.dir/build
make[1]: Entering directory `/home/arms/Downloads/HybridAerialVehicle/build/CMakeFiles/CMakeTmp'
/usr/bin/cmake -E cmake_progress_report /home/arms/Downloads/HybridAerialVehicle/build/CMakeFiles/CMakeTmp/CMakeFiles 1
Building C object CMakeFiles/cmTryCompileExec852835661.dir/CheckSymbolExists.c.o
/usr/bin/cc    -o CMakeFiles/cmTryCompileExec852835661.dir/CheckSymbolExists.c.o   -c /home/arms/Downloads/HybridAerialVehicle/build/CMakeFiles/CMakeTmp/CheckSymbolExists.c
Linking C executable cmTryCompileExec852835661
/usr/bin/cmake -E cmake_link_script CMakeFiles/cmTryCompileExec852835661.dir/link.txt --verbose=1
/usr/bin/cc       CMakeFiles/cmTryCompileExec852835661.dir/CheckSymbolExists.c.o  -o cmTryCompileExec852835661 -rdynamic 
CMakeFiles/cmTryCompileExec852835661.dir/CheckSymbolExists.c.o: In function `main':
CheckSymbolExists.c:(.text+0x16): undefined reference to `pthread_create'
collect2: error: ld returned 1 exit status
make[1]: Leaving directory `/home/arms/Downloads/HybridAerialVehicle/build/CMakeFiles/CMakeTmp'
make[1]: *** [cmTryCompileExec852835661] Error 1
make: *** [cmTryCompileExec852835661/fast] Error 2

File /home/arms/Downloads/HybridAerialVehicle/build/CMakeFiles/CMakeTmp/CheckSymbolExists.c:
/* */
#include <pthread.h>

int main(int argc, char** argv)
{
  (void)argv;
#ifndef pthread_create
  return ((int*)(&pthread_create))[argc];
#else
  (void)argc;
  return 0;
#endif
}

Determining if the function pthread_create exists in the pthreads failed with the following output:
Change Dir: /home/arms/Downloads/HybridAerialVehicle/build/CMakeFiles/CMakeTmp

Run Build Command:/usr/bin/make "cmTryCompileExec3143413068/fast"
/usr/bin/make -f CMakeFiles/cmTryCompileExec3143413068.dir/build.make CMakeFiles/cmTryCompileExec3143413068.dir/build
make[1]: Entering directory `/home/arms/Downloads/HybridAerialVehicle/build/CMakeFiles/CMakeTmp'
/usr/bin/cmake -E cmake_progress_report /home/arms/Downloads/HybridAerialVehicle/build/CMakeFiles/CMakeTmp/CMakeFiles 1
Building C object CMakeFiles/cmTryCompileExec3143413068.dir/CheckFunctionExists.c.o
/usr/bin/cc   -DCHECK_FUNCTION_EXISTS=pthread_create   -o CMakeFiles/cmTryCompileExec3143413068.dir/CheckFunctionExists.c.o   -c /usr/share/cmake-2.8/Modules/CheckFunctionExists.c
Linking C executable cmTryCompileExec3143413068
/usr/bin/cmake -E cmake_link_script CMakeFiles/cmTryCompileExec3143413068.dir/link.txt --verbose=1
/usr/bin/cc   -DCHECK_FUNCTION_EXISTS=pthread_create    CMakeFiles/cmTryCompileExec3143413068.dir/CheckFunctionExists.c.o  -o cmTryCompileExec3143413068 -rdynamic -lpthreads 
/usr/bin/ld: cannot find -lpthreads
collect2: error: ld returned 1 exit status
make[1]: Leaving directory `/home/arms/Downloads/HybridAerialVehicle/build/CMakeFiles/CMakeTmp'
make[1]: *** [cmTryCompileExec3143413068] Error 1
make: *** [cmTryCompileExec3143413068/fast] Error 2


